<?xml version="1.0" encoding="UTF-8"?>
<!-- Generated by org.testng.reporters.JUnitXMLReporter -->
<testsuite ignored="2" hostname="magnur" failures="0" tests="2" name="Test" time="104.274" errors="0" timestamp="2022-07-06T20:16:15 IST">
  <testcase classname="com.crm.proearn.contactsTest.ContactTest" name="CreateContactTest" time="25.127"/>
  <testcase classname="com.crm.proearn.campaignsTest.CampaignTest" name="CreateCampaignWithProductTest" time="41.913"/>
  <testcase classname="com.crm.proearn.organizationTest.OrganizationTest" name="CreateOrganizationTest" time="0.0">
    <ignored/>
  </testcase> <!-- CreateOrganizationTest -->
  <testcase classname="com.crm.proearn.campaignsTest.CampaignTest" name="CreateCampaignTest" time="0.0">
    <ignored/>
  </testcase> <!-- CreateCampaignTest -->
</testsuite> <!-- Test -->
