<?xml version="1.0" encoding="UTF-8"?>
<!-- Generated by org.testng.reporters.JUnitXMLReporter -->
<testsuite ignored="0" hostname="magnur" failures="0" tests="2" name="TestRunner3" time="62.835" errors="0" timestamp="2022-07-07T08:01:00 IST">
  <testcase classname="com.crm.proearn.campaignsTest.CampaignTest" name="CreateCampaignTest" time="18.747"/>
  <testcase classname="com.crm.proearn.campaignsTest.CampaignTest" name="CreateCampaignWithProductTest" time="16.691"/>
</testsuite> <!-- TestRunner3 -->
