<?xml version="1.0" encoding="UTF-8"?>
<!-- Generated by org.testng.reporters.JUnitXMLReporter -->
<testsuite hostname="magnur" ignored="2" name="Test" tests="3" failures="0" timestamp="2022-07-14T22:57:42 IST" time="150.277" errors="0">
  <testcase name="CreateOrganizationTest" time="29.554" classname="com.crm.proearn.organizationTest.OrganizationTest"/>
  <testcase name="CreateContactAndDeleteTest" time="39.832" classname="com.crm.proearn.contactsTest.ContactTest"/>
  <testcase name="CreateCampaignTest" time="23.239" classname="com.crm.proearn.campaignsTest.CampaignTest"/>
  <testcase name="CreateContactTest" time="0.0" classname="com.crm.proearn.contactsTest.ContactTest">
    <ignored/>
  </testcase> <!-- CreateContactTest -->
  <testcase name="CreateCampaignWithProductTest" time="0.0" classname="com.crm.proearn.campaignsTest.CampaignTest">
    <ignored/>
  </testcase> <!-- CreateCampaignWithProductTest -->
</testsuite> <!-- Test -->
