<?xml version="1.0" encoding="UTF-8"?>
<!-- Generated by org.testng.reporters.JUnitXMLReporter -->
<testsuite hostname="magnur" ignored="0" name="Default test" tests="2" failures="0" timestamp="2022-07-15T10:44:43 IST" time="91.207" errors="0">
  <testcase name="CreateContactAndDeleteTest" time="35.749" classname="com.crm.proearn.contactsTest.ContactTest"/>
  <testcase name="CreateContactTest" time="23.01" classname="com.crm.proearn.contactsTest.ContactTest"/>
</testsuite> <!-- Default test -->
