<?xml version="1.0" encoding="UTF-8"?>
<!-- Generated by org.testng.reporters.JUnitXMLReporter -->
<testsuite ignored="0" hostname="magnur" failures="0" tests="6" name="Test" time="0.252" errors="0" timestamp="2022-07-05T20:48:03 IST">
  <testcase classname="Sample.OrganizationTest" name="createOrganizationTest" time="0.029"/>
  <testcase classname="Sample.OrganizationTest" name="editOrganizationTest" time="0.01"/>
  <testcase classname="Sample.ContactTest" name="createContactTest" time="0.005"/>
  <testcase classname="Sample.ContactTest" name="editContactTest" time="0.006"/>
  <testcase classname="Sample.ProductsTest" name="createProductTest" time="0.004"/>
  <testcase classname="Sample.ProductsTest" name="editProductTest" time="0.007"/>
</testsuite> <!-- Test -->
