<?xml version="1.0" encoding="UTF-8"?>
<!-- Generated by org.testng.reporters.JUnitXMLReporter -->
<testsuite hostname="magnur" ignored="0" name="Test" tests="5" failures="0" timestamp="2022-07-14T22:54:19 IST" time="250.794" errors="0">
  <testcase name="CreateOrganizationTest" time="30.46" classname="com.crm.proearn.organizationTest.OrganizationTest"/>
  <testcase name="CreateContactAndDeleteTest" time="39.691" classname="com.crm.proearn.contactsTest.ContactTest"/>
  <testcase name="CreateContactTest" time="25.617" classname="com.crm.proearn.contactsTest.ContactTest"/>
  <testcase name="CreateCampaignTest" time="24.068" classname="com.crm.proearn.campaignsTest.CampaignTest"/>
  <testcase name="CreateCampaignWithProductTest" time="46.278" classname="com.crm.proearn.campaignsTest.CampaignTest"/>
</testsuite> <!-- Test -->
