<?xml version="1.0" encoding="UTF-8"?>
<!-- Generated by org.testng.reporters.JUnitXMLReporter -->
<testsuite ignored="0" hostname="magnur" failures="0" tests="2" name="TestRunner3" time="152.819" errors="0" timestamp="2022-07-07T17:43:34 IST">
  <testcase classname="com.crm.proearn.campaignsTest.CampaignTest" name="CreateCampaignTest" time="61.127"/>
  <testcase classname="com.crm.proearn.campaignsTest.CampaignTest" name="CreateCampaignWithProductTest" time="54.972"/>
</testsuite> <!-- TestRunner3 -->
